2025-11-08 16:05:20,334 - INFO - Starting BBB-penetrating peptide design pipeline
2025-11-08 16:05:20,334 - INFO - Target receptor: TFRC
2025-11-08 16:05:20,334 - INFO - Using device: cuda
2025-11-08 16:05:20,334 - INFO - Step 1: Training classifier
2025-11-08 16:05:20,334 - INFO - Running: python -m src.train_classifier --config config.yaml
2025-11-08 16:05:25,929 - INFO - Command succeeded: python -m src.train_classifier --config config.yaml
2025-11-08 16:05:25,930 - INFO - Output: [train_classifier] Using device: cuda
[train_classifier] Loading data...
[data_loader] Loaded 214 sequences (37 positive, 177 negative)
[data_loader] Created loaders - Train: 5 batches, Val: 1 batches, Test: 1 batches
[train_classifier] Creating model...
[classifier_factory] Model config:
  - type: basic
  - embedding_dim: 128
  - hidden_dim: 256
  - vocab_size: 21
  - dropout: 0.3
  - num_classes: 2
  - type: basic
[train_classifier] Model parameters: 2,436,035
[train_classifier] Starting training...
Epoch   1 | Train Loss: 0.5610 | Val Loss: 0.4871 | Acc: 0.8125 | F1: 0.0000 | AUC: 0.6603 | Val samples: 32 (6+/26-)
[train_classifier] Saved best model to checkpoints/classifier_best.pth
Epoch   2 | Train Loss: 0.3785 | Val Loss: 0.4192 | Acc: 0.8438 | F1: 0.4444 | AUC: 0.7756 | Val samples: 32 (6+/26-)
[train_classifier] Saved best model to checkpoints/classifier_best.pth
Epoch   3 | Train Loss: 0.2631 | Val Loss: 0.6327 | Acc: 0.8750 | F1: 0.5000 | AUC: 0.7244 | Val samples: 32 (6+/26-)
Epoch   4 | Train Loss: 0.1919 | Val Loss: 0.7370 | Acc: 0.7500 | F1: 0.4286 | AUC: 0.7564 | Val samples: 32 (6+/26-)
Epoch   5 | Train Loss: 0.1414 | Val Loss: 0.9972 | Acc: 0.7812 | F1: 0.3636 | AUC: 0.7308 | Val samples: 32 (6+/26-)
Epoch   6 | Train Loss: 0.0681 | Val Loss: 1.2423 | Acc: 0.8125 | F1: 0.5000 | AUC: 0.7436 | Val samples: 32 (6+/26-)
Epoch   7 | Train Loss: 0.0395 | Val Loss: 1.5917 | Acc: 0.8125 | F1: 0.5000 | AUC: 0.7564 | Val samples: 32 (6+/26-)
Epoch   8 | Train Loss: 0.0270 | Val Loss: 1.9369 | Acc: 0.8125 | F1: 0.5000 | AUC: 0.7756 | Val samples: 32 (6+/26-)
Epoch   9 | Train Loss: 0.0227 | Val Loss: 2.1661 | Acc: 0.8125 | F1: 0.5000 | AUC: 0.7564 | Val samples: 32 (6+/26-)
Epoch  10 | Train Loss: 0.0273 | Val Loss: 1.9285 | Acc: 0.8438 | F1: 0.5455 | AUC: 0.7628 | Val samples: 32 (6+/26-)
Epoch  11 | Train Loss: 0.0867 | Val Loss: 2.6593 | Acc: 0.8125 | F1: 0.4000 | AUC: 0.6987 | Val samples: 32 (6+/26-)
Epoch  12 | Train Loss: 0.0498 | Val Loss: 1.4172 | Acc: 0.7500 | F1: 0.4286 | AUC: 0.7564 | Val samples: 32 (6+/26-)
[train_classifier] Early stopping at epoch 12

[train_classifier] Final evaluation on test set...
Test Results:
  Loss: 2.2859
  Accuracy: 0.8125
  F1 Score: 0.2500
  AUC: 0.6410
  Confusion Matrix:
    True Negatives: 25
    False Positives: 1
    False Negatives: 5
    True Positives: 1
[train_classifier] Training completed. Metrics saved to results/classifier_metrics.json

2025-11-08 16:05:25,930 - INFO - Step 2: Temperature calibration
2025-11-08 16:05:25,930 - INFO - Running: python -m src.calibrate_temperature --config config.yaml
2025-11-08 16:05:35,584 - INFO - Command succeeded: python -m src.calibrate_temperature --config config.yaml
2025-11-08 16:05:35,584 - INFO - Output: [calibrate_temperature] Using device: cuda
[calibrate_temperature] Loading model from checkpoints/classifier_best.pth
[calibrate_temperature] Loading validation data...
[data_loader] Loaded 214 sequences (37 positive, 177 negative)
[data_loader] Created loaders - Train: 5 batches, Val: 1 batches, Test: 1 batches
[calibrate_temperature] Starting temperature calibration...
[calibrate_temperature] Calibrated temperature: 0.5162
[calibrate_temperature] Evaluating calibration...
[calibrate_temperature] Expected Calibration Error:
  Original: 0.1027
  Calibrated: 0.0790
  Improvement: 0.0237
[calibrate_temperature] Temperature parameter saved to results/temperature.json
[calibrate_temperature] Calibrated model saved to checkpoints/classifier_best_calibrated.pth

2025-11-08 16:05:35,585 - INFO - Step 3: RL training
2025-11-08 16:05:35,585 - INFO - Running: python -m src.train_rl_ppo --config config.yaml --target TFRC
2025-11-08 16:39:49,964 - INFO - Command succeeded: python -m src.train_rl_ppo --config config.yaml --target TFRC
2025-11-08 16:39:49,965 - INFO - Step 4: Preparing candidates for evaluation
2025-11-08 16:39:50,099 - INFO - Note: NumExpr detected 48 cores but "NUMEXPR_MAX_THREADS" not set, so enforcing safe limit of 8.
2025-11-08 16:39:50,100 - INFO - NumExpr defaulting to 8 threads.
2025-11-08 16:39:50,332 - INFO - Created top 10 candidates from runs/ppo/top_sequences_epoch_final.csv
2025-11-08 16:39:50,333 - INFO - Created topk candidates from runs/ppo/top_sequences_epoch_final.csv
2025-11-08 16:39:50,333 - INFO - Step 5: GPU evaluation
2025-11-08 16:39:50,333 - INFO - Running: python -m src.evaluate_candidates_gpu --config config.yaml --input runs/ppo/topk_candidates.csv --out results/eval_gpu.csv
2025-11-08 16:39:53,288 - INFO - Command succeeded: python -m src.evaluate_candidates_gpu --config config.yaml --input runs/ppo/topk_candidates.csv --out results/eval_gpu.csv
2025-11-08 16:39:53,288 - INFO - Step 6: Positional saliency analysis
2025-11-08 16:39:53,289 - INFO - Running: python -m src.explain.positional_saliency --config config.yaml --input runs/ppo/topk_candidates.csv --target TFRC --limit 50 --outdir results/saliency
2025-11-08 16:39:56,511 - INFO - Command succeeded: python -m src.explain.positional_saliency --config config.yaml --input runs/ppo/topk_candidates.csv --target TFRC --limit 50 --outdir results/saliency
2025-11-08 16:39:56,511 - INFO - Output: [positional_saliency] Using device: cuda
[positional_saliency] Loading model from checkpoints/classifier_best.pth
[positional_saliency] Using calibrated temperature: 0.5162
[positional_saliency] Loading candidates from runs/ppo/topk_candidates.csv
[positional_saliency] Loaded 10/10 valid sequences
[positional_saliency] Limited to 50 sequences
[positional_saliency] Computing positional saliency...
[positional_saliency] Analyzing sequence 1/10: VVVVVQQQ
[positional_saliency] Analyzing sequence 2/10: VVVVVQQQ
[positional_saliency] Analyzing sequence 3/10: VVVVVQQQ
[positional_saliency] Analyzing sequence 4/10: VVVVVQQQ
[positional_saliency] Analyzing sequence 5/10: VVVVVQQQ
[positional_saliency] Analyzing sequence 6/10: VVVVVQQQ
[positional_saliency] Analyzing sequence 7/10: VVVVVQQQ
[positional_saliency] Analyzing sequence 8/10: VVVVVQQQ
[positional_saliency] Analyzing sequence 9/10: VVVVVQQQ
[positional_saliency] Analyzing sequence 10/10: VVVVVQQQ
[positional_saliency] Saving results to results/saliency/positional_saliency_TFRC.csv
[positional_saliency] Warning: matplotlib not available, skipping plots: /lib/x86_64-linux-gnu/libstdc++.so.6: version `GLIBCXX_3.4.29' not found (required by /home/wuhaigang/anaconda3/envs/openmm-env/lib/python3.8/site-packages/kiwisolver/_cext.cpython-38-x86_64-linux-gnu.so)
[positional_saliency] Analysis completed. Results saved to results/saliency/positional_saliency_TFRC.csv

2025-11-08 16:39:56,512 - INFO - Pipeline completed successfully!
