2025-11-07 17:53:49,136 - INFO - Starting BBB-penetrating peptide design pipeline
2025-11-07 17:53:49,136 - INFO - Target receptor: LRP1
2025-11-07 17:53:49,136 - INFO - Using device: cuda
2025-11-07 17:53:49,136 - INFO - Step 1: Training classifier
2025-11-07 17:53:49,136 - INFO - Running: python -m src.train_classifier --config config.yaml
2025-11-07 17:53:57,421 - INFO - Command succeeded: python -m src.train_classifier --config config.yaml
2025-11-07 17:53:57,421 - INFO - Output: [train_classifier] Using device: cuda
[train_classifier] Loading data...
[data_loader] Loaded 214 sequences (37 positive, 177 negative)
[data_loader] Created loaders - Train: 5 batches, Val: 1 batches, Test: 1 batches
[train_classifier] Creating model...
[classifier_factory] Model config:
  - type: basic
  - embedding_dim: 128
  - hidden_dim: 256
  - vocab_size: 21
  - dropout: 0.3
  - num_classes: 2
  - type: basic
[train_classifier] Model parameters: 2,436,035
[train_classifier] Starting training...
Epoch   1 | Train Loss: 0.5179 | Val Loss: 0.8964 | Acc: 0.7812 | F1: 0.0000 | AUC: 0.4400 | Val samples: 32 (7+/25-)
[train_classifier] Saved best model to checkpoints/classifier_best.pth
Epoch   2 | Train Loss: 0.3987 | Val Loss: 0.5289 | Acc: 0.7812 | F1: 0.2222 | AUC: 0.6000 | Val samples: 32 (7+/25-)
[train_classifier] Saved best model to checkpoints/classifier_best.pth
Epoch   3 | Train Loss: 0.2827 | Val Loss: 0.8643 | Acc: 0.7812 | F1: 0.2222 | AUC: 0.6000 | Val samples: 32 (7+/25-)
Epoch   4 | Train Loss: 0.2114 | Val Loss: 0.8227 | Acc: 0.7812 | F1: 0.4615 | AUC: 0.7086 | Val samples: 32 (7+/25-)
Epoch   5 | Train Loss: 0.1536 | Val Loss: 1.1016 | Acc: 0.7500 | F1: 0.3333 | AUC: 0.7029 | Val samples: 32 (7+/25-)
Epoch   6 | Train Loss: 0.1214 | Val Loss: 1.1343 | Acc: 0.7812 | F1: 0.5333 | AUC: 0.7371 | Val samples: 32 (7+/25-)
Epoch   7 | Train Loss: 0.1201 | Val Loss: 1.4768 | Acc: 0.7812 | F1: 0.3636 | AUC: 0.6743 | Val samples: 32 (7+/25-)
Epoch   8 | Train Loss: 0.0920 | Val Loss: 1.3478 | Acc: 0.8125 | F1: 0.5000 | AUC: 0.7086 | Val samples: 32 (7+/25-)
Epoch   9 | Train Loss: 0.0391 | Val Loss: 0.9181 | Acc: 0.8750 | F1: 0.7143 | AUC: 0.8171 | Val samples: 32 (7+/25-)
Epoch  10 | Train Loss: 0.1243 | Val Loss: 1.6437 | Acc: 0.8125 | F1: 0.5000 | AUC: 0.7086 | Val samples: 32 (7+/25-)
Epoch  11 | Train Loss: 0.0795 | Val Loss: 1.6305 | Acc: 0.8125 | F1: 0.5000 | AUC: 0.6743 | Val samples: 32 (7+/25-)
Epoch  12 | Train Loss: 0.0395 | Val Loss: 1.2647 | Acc: 0.7500 | F1: 0.4286 | AUC: 0.7486 | Val samples: 32 (7+/25-)
[train_classifier] Early stopping at epoch 12

[train_classifier] Final evaluation on test set...
Test Results:
  Loss: 1.2425
  Accuracy: 0.7188
  F1 Score: 0.1818
  AUC: 0.5333
  Confusion Matrix:
    True Negatives: 22
    False Positives: 5
    False Negatives: 4
    True Positives: 1
[train_classifier] Training completed. Metrics saved to results/classifier_metrics.json

2025-11-07 17:53:57,421 - INFO - Step 2: Temperature calibration
2025-11-07 17:53:57,421 - INFO - Running: python -m src.calibrate_temperature --config config.yaml
2025-11-07 17:56:52,876 - INFO - Command succeeded: python -m src.calibrate_temperature --config config.yaml
2025-11-07 17:56:52,876 - INFO - Output: [calibrate_temperature] Using device: cuda
[calibrate_temperature] Loading model from checkpoints/classifier_best.pth
[calibrate_temperature] Loading validation data...
[data_loader] Loaded 214 sequences (37 positive, 177 negative)
[data_loader] Created loaders - Train: 5 batches, Val: 1 batches, Test: 1 batches
[calibrate_temperature] Starting temperature calibration...
[calibrate_temperature] Calibrated temperature: 0.5862
[calibrate_temperature] Evaluating calibration...
[calibrate_temperature] Expected Calibration Error:
  Original: 0.1343
  Calibrated: 0.1599
  Improvement: -0.0257
[calibrate_temperature] Temperature parameter saved to results/temperature.json
[calibrate_temperature] Calibrated model saved to checkpoints/classifier_best_calibrated.pth

2025-11-07 17:56:52,876 - INFO - Step 3: RL training
2025-11-07 17:56:52,876 - INFO - Running: python -m src.train_rl_ppo --config config.yaml --target LRP1
