2025-11-08 20:17:00,964 - INFO - Starting BBB-penetrating peptide design pipeline
2025-11-08 20:17:00,964 - INFO - Target receptor: TFRC
2025-11-08 20:17:00,964 - INFO - Using device: cuda
2025-11-08 20:17:00,964 - INFO - Step 1: Training classifier
2025-11-08 20:17:00,964 - INFO - Running: python -m src.train_classifier --config config.yaml
2025-11-08 20:17:07,171 - INFO - Command succeeded: python -m src.train_classifier --config config.yaml
2025-11-08 20:17:07,171 - INFO - Output: [train_classifier] Using device: cuda
[train_classifier] Loading data...
[data_loader] Loaded 214 sequences (37 positive, 177 negative)
[data_loader] Created loaders - Train: 5 batches, Val: 1 batches, Test: 1 batches
[train_classifier] Creating model...
[classifier_factory] Model config:
  - type: basic
  - embedding_dim: 128
  - hidden_dim: 256
  - vocab_size: 21
  - dropout: 0.3
  - num_classes: 2
  - type: basic
[train_classifier] Model parameters: 2,436,035
[train_classifier] Starting training...
Epoch   1 | Train Loss: 0.6216 | Val Loss: 0.3708 | Acc: 0.8750 | F1: 0.0000 | AUC: 0.5982 | Val samples: 32 (4+/28-)
[train_classifier] Saved best model to checkpoints/classifier_best.pth
Epoch   2 | Train Loss: 0.4584 | Val Loss: 0.3343 | Acc: 0.8750 | F1: 0.0000 | AUC: 0.7768 | Val samples: 32 (4+/28-)
[train_classifier] Saved best model to checkpoints/classifier_best.pth
Epoch   3 | Train Loss: 0.3222 | Val Loss: 0.3243 | Acc: 0.9062 | F1: 0.4000 | AUC: 0.7857 | Val samples: 32 (4+/28-)
[train_classifier] Saved best model to checkpoints/classifier_best.pth
Epoch   4 | Train Loss: 0.2390 | Val Loss: 0.3643 | Acc: 0.8750 | F1: 0.3333 | AUC: 0.8393 | Val samples: 32 (4+/28-)
Epoch   5 | Train Loss: 0.2359 | Val Loss: 0.3284 | Acc: 0.9062 | F1: 0.5714 | AUC: 0.8750 | Val samples: 32 (4+/28-)
Epoch   6 | Train Loss: 0.1951 | Val Loss: 0.3904 | Acc: 0.8750 | F1: 0.3333 | AUC: 0.7857 | Val samples: 32 (4+/28-)
Epoch   7 | Train Loss: 0.1574 | Val Loss: 0.3492 | Acc: 0.9062 | F1: 0.5714 | AUC: 0.8571 | Val samples: 32 (4+/28-)
Epoch   8 | Train Loss: 0.1263 | Val Loss: 0.2964 | Acc: 0.9375 | F1: 0.7500 | AUC: 0.8839 | Val samples: 32 (4+/28-)
[train_classifier] Saved best model to checkpoints/classifier_best.pth
Epoch   9 | Train Loss: 0.0897 | Val Loss: 0.3139 | Acc: 0.9375 | F1: 0.7500 | AUC: 0.8929 | Val samples: 32 (4+/28-)
Epoch  10 | Train Loss: 0.0427 | Val Loss: 0.4457 | Acc: 0.9375 | F1: 0.7500 | AUC: 0.9196 | Val samples: 32 (4+/28-)
Epoch  11 | Train Loss: 0.0621 | Val Loss: 0.4269 | Acc: 0.9375 | F1: 0.7500 | AUC: 0.9196 | Val samples: 32 (4+/28-)
Epoch  12 | Train Loss: 0.0233 | Val Loss: 0.4944 | Acc: 0.9375 | F1: 0.7500 | AUC: 0.9018 | Val samples: 32 (4+/28-)
Epoch  13 | Train Loss: 0.0245 | Val Loss: 0.5063 | Acc: 0.9062 | F1: 0.5714 | AUC: 0.8839 | Val samples: 32 (4+/28-)
Epoch  14 | Train Loss: 0.0652 | Val Loss: 0.3939 | Acc: 0.9062 | F1: 0.6667 | AUC: 0.9375 | Val samples: 32 (4+/28-)
Epoch  15 | Train Loss: 0.2689 | Val Loss: 0.5412 | Acc: 0.9062 | F1: 0.5714 | AUC: 0.7946 | Val samples: 32 (4+/28-)
Epoch  16 | Train Loss: 0.1487 | Val Loss: 0.6802 | Acc: 0.8438 | F1: 0.5455 | AUC: 0.8125 | Val samples: 32 (4+/28-)
Epoch  17 | Train Loss: 0.0946 | Val Loss: 0.3941 | Acc: 0.9062 | F1: 0.5714 | AUC: 0.8393 | Val samples: 32 (4+/28-)
Epoch  18 | Train Loss: 0.0655 | Val Loss: 0.4650 | Acc: 0.8750 | F1: 0.3333 | AUC: 0.8393 | Val samples: 32 (4+/28-)
[train_classifier] Early stopping at epoch 18

[train_classifier] Final evaluation on test set...
Test Results:
  Loss: 0.1496
  Accuracy: 0.9688
  F1 Score: 0.8889
  AUC: 0.9643
  Confusion Matrix:
    True Negatives: 27
    False Positives: 1
    False Negatives: 0
    True Positives: 4
[train_classifier] Training completed. Metrics saved to results/classifier_metrics.json

2025-11-08 20:17:07,172 - INFO - Step 2: Temperature calibration
2025-11-08 20:17:07,172 - INFO - Running: python -m src.calibrate_temperature --config config.yaml
2025-11-08 20:17:11,941 - INFO - Command succeeded: python -m src.calibrate_temperature --config config.yaml
2025-11-08 20:17:11,941 - INFO - Output: [calibrate_temperature] Using device: cuda
[calibrate_temperature] Loading model from checkpoints/classifier_best.pth
[calibrate_temperature] Loading validation data...
[data_loader] Loaded 214 sequences (37 positive, 177 negative)
[data_loader] Created loaders - Train: 5 batches, Val: 1 batches, Test: 1 batches
[calibrate_temperature] Starting temperature calibration...
[calibrate_temperature] Calibrated temperature: -2483.3132
[calibrate_temperature] Evaluating calibration...
[calibrate_temperature] Expected Calibration Error:
  Original: 0.0416
  Calibrated: 0.5005
  Improvement: -0.4589
[calibrate_temperature] Temperature parameter saved to results/temperature.json
[calibrate_temperature] Calibrated model saved to checkpoints/classifier_best_calibrated.pth

2025-11-08 20:17:11,943 - INFO - Step 3: RL training
2025-11-08 20:17:11,943 - INFO - Running: python -m src.train_rl_ppo --config config.yaml --target TFRC
2025-11-08 20:52:10,063 - INFO - Command succeeded: python -m src.train_rl_ppo --config config.yaml --target TFRC
2025-11-08 20:52:10,093 - INFO - Step 4: Preparing candidates for evaluation
2025-11-08 20:52:10,883 - INFO - Note: NumExpr detected 48 cores but "NUMEXPR_MAX_THREADS" not set, so enforcing safe limit of 8.
2025-11-08 20:52:10,883 - INFO - NumExpr defaulting to 8 threads.
2025-11-08 20:52:11,653 - INFO - Created top 10 candidates from runs/ppo/top_sequences_epoch_final.csv
2025-11-08 20:52:11,653 - INFO - Created topk candidates from runs/ppo/top_sequences_epoch_final.csv
2025-11-08 20:52:11,653 - INFO - Step 5: GPU evaluation
2025-11-08 20:52:11,653 - INFO - Running: python -m src.evaluate_candidates_gpu --config config.yaml --input runs/ppo/topk_candidates.csv --out results/eval_gpu.csv
2025-11-08 20:52:17,206 - INFO - Command succeeded: python -m src.evaluate_candidates_gpu --config config.yaml --input runs/ppo/topk_candidates.csv --out results/eval_gpu.csv
2025-11-08 20:52:17,206 - INFO - Step 6: Positional saliency analysis
2025-11-08 20:52:17,206 - INFO - Running: python -m src.explain.positional_saliency --config config.yaml --input runs/ppo/topk_candidates.csv --target TFRC --limit 50 --outdir results/saliency
2025-11-08 20:52:21,805 - INFO - Command succeeded: python -m src.explain.positional_saliency --config config.yaml --input runs/ppo/topk_candidates.csv --target TFRC --limit 50 --outdir results/saliency
2025-11-08 20:52:21,806 - INFO - Output: [positional_saliency] Using device: cuda
[positional_saliency] Loading model from checkpoints/classifier_best.pth
[positional_saliency] Using calibrated temperature: -2483.3132
[positional_saliency] Loading candidates from runs/ppo/topk_candidates.csv
[positional_saliency] Loaded 10/10 valid sequences
[positional_saliency] Limited to 50 sequences
[positional_saliency] Computing positional saliency...
[positional_saliency] Analyzing sequence 1/10: GGGGEEGRRRRRRRRRRRRR
[positional_saliency] Analyzing sequence 2/10: GGGGEEGRRRRRRRRRRRRR
[positional_saliency] Analyzing sequence 3/10: GGGGEEGRRRRRRRRRRRRR
[positional_saliency] Analyzing sequence 4/10: GGGGEEGRRRRRRRRRRRRR
[positional_saliency] Analyzing sequence 5/10: GGGGEEGRRRRRRRRRRRRR
[positional_saliency] Analyzing sequence 6/10: GGGGEEGRRRRRRRRRRRRR
[positional_saliency] Analyzing sequence 7/10: GGGGEEGRRRRRRRRRRRRR
[positional_saliency] Analyzing sequence 8/10: GGGGEEGRRRRRRRRRRRRR
[positional_saliency] Analyzing sequence 9/10: GGGGEEGRRRRRRRRRRRRR
[positional_saliency] Analyzing sequence 10/10: GGGGEEGRRRRRRRRRRRRR
[positional_saliency] Saving results to results/saliency/positional_saliency_TFRC.csv
[positional_saliency] Warning: matplotlib not available, skipping plots: /lib/x86_64-linux-gnu/libstdc++.so.6: version `GLIBCXX_3.4.29' not found (required by /home/wuhaigang/anaconda3/envs/openmm-env/lib/python3.8/site-packages/kiwisolver/_cext.cpython-38-x86_64-linux-gnu.so)
[positional_saliency] Analysis completed. Results saved to results/saliency/positional_saliency_TFRC.csv

2025-11-08 20:52:21,806 - INFO - Pipeline completed successfully!
