2025-11-06 19:50:02,519 - INFO - Starting BBB-penetrating peptide design pipeline
2025-11-06 19:50:02,519 - INFO - Target receptor: TFRC
2025-11-06 19:50:02,519 - INFO - Using device: cuda
2025-11-06 19:50:02,519 - INFO - Step 1: Training classifier
2025-11-06 19:50:02,519 - INFO - Running: python -m src.train_classifier --config config.yaml
2025-11-06 19:50:13,794 - INFO - Command succeeded: python -m src.train_classifier --config config.yaml
2025-11-06 19:50:13,795 - INFO - Output: [train_classifier] Using device: cuda
[train_classifier] Loading data...
[data_loader] Loaded 214 sequences (37 positive, 177 negative)
[data_loader] Created loaders - Train: 5 batches, Val: 1 batches, Test: 1 batches
[train_classifier] Creating model...
[classifier_factory] Model config:
  - type: basic
  - embedding_dim: 128
  - hidden_dim: 256
  - vocab_size: 21
  - dropout: 0.3
  - num_classes: 2
  - type: basic
[train_classifier] Model parameters: 2,436,035
[train_classifier] Starting training...
Epoch   1 | Train Loss: 0.5293 | Val Loss: 0.4511 | Acc: 0.8438 | F1: 0.0000 | AUC: 0.7111 | Val samples: 32 (5+/27-)
[train_classifier] Saved best model to checkpoints/classifier_best.pth
Epoch   2 | Train Loss: 0.4231 | Val Loss: 0.3898 | Acc: 0.9062 | F1: 0.6667 | AUC: 0.7630 | Val samples: 32 (5+/27-)
[train_classifier] Saved best model to checkpoints/classifier_best.pth
Epoch   3 | Train Loss: 0.3323 | Val Loss: 0.3842 | Acc: 0.9062 | F1: 0.6667 | AUC: 0.7778 | Val samples: 32 (5+/27-)
[train_classifier] Saved best model to checkpoints/classifier_best.pth
Epoch   4 | Train Loss: 0.2383 | Val Loss: 0.4375 | Acc: 0.8750 | F1: 0.6000 | AUC: 0.7926 | Val samples: 32 (5+/27-)
Epoch   5 | Train Loss: 0.1970 | Val Loss: 0.4263 | Acc: 0.8750 | F1: 0.6000 | AUC: 0.8000 | Val samples: 32 (5+/27-)
Epoch   6 | Train Loss: 0.1365 | Val Loss: 0.6886 | Acc: 0.8750 | F1: 0.5000 | AUC: 0.7926 | Val samples: 32 (5+/27-)
Epoch   7 | Train Loss: 0.1162 | Val Loss: 0.6700 | Acc: 0.9375 | F1: 0.8000 | AUC: 0.8222 | Val samples: 32 (5+/27-)
Epoch   8 | Train Loss: 0.0857 | Val Loss: 0.9052 | Acc: 0.8750 | F1: 0.5000 | AUC: 0.8148 | Val samples: 32 (5+/27-)
Epoch   9 | Train Loss: 0.0590 | Val Loss: 0.7926 | Acc: 0.9062 | F1: 0.6667 | AUC: 0.8444 | Val samples: 32 (5+/27-)
Epoch  10 | Train Loss: 0.0526 | Val Loss: 1.1789 | Acc: 0.9062 | F1: 0.6667 | AUC: 0.8296 | Val samples: 32 (5+/27-)
Epoch  11 | Train Loss: 0.0478 | Val Loss: 1.1848 | Acc: 0.8438 | F1: 0.6154 | AUC: 0.8148 | Val samples: 32 (5+/27-)
Epoch  12 | Train Loss: 0.0627 | Val Loss: 1.0928 | Acc: 0.9062 | F1: 0.6667 | AUC: 0.8148 | Val samples: 32 (5+/27-)
Epoch  13 | Train Loss: 0.1336 | Val Loss: 0.7910 | Acc: 0.9062 | F1: 0.7273 | AUC: 0.8444 | Val samples: 32 (5+/27-)
[train_classifier] Early stopping at epoch 13

[train_classifier] Final evaluation on test set...
Test Results:
  Loss: 0.5019
  Accuracy: 0.8438
  F1 Score: 0.6154
  AUC: 0.9286
  Confusion Matrix:
    True Negatives: 23
    False Positives: 5
    False Negatives: 0
    True Positives: 4
[train_classifier] Training completed. Metrics saved to results/classifier_metrics.json

2025-11-06 19:50:13,795 - INFO - Step 2: Temperature calibration
2025-11-06 19:50:13,795 - INFO - Running: python -m src.calibrate_temperature --config config.yaml
2025-11-06 19:50:17,009 - ERROR - Command failed: python -m src.calibrate_temperature --config config.yaml
2025-11-06 19:50:17,009 - ERROR - Error output: 
2025-11-06 19:50:17,010 - ERROR - Temperature calibration failed
