2025-11-07 06:30:00,738 - INFO - Starting BBB-penetrating peptide design pipeline
2025-11-07 06:30:00,738 - INFO - Target receptor: TFRC
2025-11-07 06:30:00,739 - INFO - Using device: cuda
2025-11-07 06:30:00,739 - INFO - Step 1: Training classifier
2025-11-07 06:30:00,739 - INFO - Running: python -m src.train_classifier --config config.yaml
2025-11-07 06:30:11,076 - INFO - Command succeeded: python -m src.train_classifier --config config.yaml
2025-11-07 06:30:11,076 - INFO - Output: [train_classifier] Using device: cuda
[train_classifier] Loading data...
[data_loader] Loaded 214 sequences (37 positive, 177 negative)
[data_loader] Created loaders - Train: 5 batches, Val: 1 batches, Test: 1 batches
[train_classifier] Creating model...
[classifier_factory] Model config:
  - type: basic
  - embedding_dim: 128
  - hidden_dim: 256
  - vocab_size: 21
  - dropout: 0.3
  - num_classes: 2
  - type: basic
[train_classifier] Model parameters: 2,436,035
[train_classifier] Starting training...
Epoch   1 | Train Loss: 0.5595 | Val Loss: 0.3901 | Acc: 0.8438 | F1: 0.0000 | AUC: 0.7926 | Val samples: 32 (5+/27-)
[train_classifier] Saved best model to checkpoints/classifier_best.pth
Epoch   2 | Train Loss: 0.3916 | Val Loss: 0.3517 | Acc: 0.8750 | F1: 0.3333 | AUC: 0.8889 | Val samples: 32 (5+/27-)
[train_classifier] Saved best model to checkpoints/classifier_best.pth
Epoch   3 | Train Loss: 0.3044 | Val Loss: 0.3104 | Acc: 0.9062 | F1: 0.5714 | AUC: 0.8444 | Val samples: 32 (5+/27-)
[train_classifier] Saved best model to checkpoints/classifier_best.pth
Epoch   4 | Train Loss: 0.1986 | Val Loss: 0.3546 | Acc: 0.8438 | F1: 0.6154 | AUC: 0.9037 | Val samples: 32 (5+/27-)
Epoch   5 | Train Loss: 0.1501 | Val Loss: 0.2644 | Acc: 0.9375 | F1: 0.8000 | AUC: 0.9185 | Val samples: 32 (5+/27-)
[train_classifier] Saved best model to checkpoints/classifier_best.pth
Epoch   6 | Train Loss: 0.1440 | Val Loss: 0.4885 | Acc: 0.8125 | F1: 0.5714 | AUC: 0.9111 | Val samples: 32 (5+/27-)
Epoch   7 | Train Loss: 0.0961 | Val Loss: 0.3619 | Acc: 0.8750 | F1: 0.6667 | AUC: 0.9111 | Val samples: 32 (5+/27-)
Epoch   8 | Train Loss: 0.0538 | Val Loss: 0.4694 | Acc: 0.8438 | F1: 0.4444 | AUC: 0.8593 | Val samples: 32 (5+/27-)
Epoch   9 | Train Loss: 0.0219 | Val Loss: 0.7110 | Acc: 0.7812 | F1: 0.5333 | AUC: 0.8963 | Val samples: 32 (5+/27-)
Epoch  10 | Train Loss: 0.0086 | Val Loss: 0.9345 | Acc: 0.8438 | F1: 0.6154 | AUC: 0.9111 | Val samples: 32 (5+/27-)
Epoch  11 | Train Loss: 0.0008 | Val Loss: 0.9175 | Acc: 0.8125 | F1: 0.5000 | AUC: 0.8963 | Val samples: 32 (5+/27-)
Epoch  12 | Train Loss: 0.0003 | Val Loss: 0.9659 | Acc: 0.8438 | F1: 0.5455 | AUC: 0.9037 | Val samples: 32 (5+/27-)
Epoch  13 | Train Loss: 0.0002 | Val Loss: 0.9341 | Acc: 0.8750 | F1: 0.6000 | AUC: 0.9185 | Val samples: 32 (5+/27-)
Epoch  14 | Train Loss: 0.0001 | Val Loss: 1.0374 | Acc: 0.8750 | F1: 0.6000 | AUC: 0.9037 | Val samples: 32 (5+/27-)
Epoch  15 | Train Loss: 0.0001 | Val Loss: 1.1402 | Acc: 0.8750 | F1: 0.6000 | AUC: 0.9111 | Val samples: 32 (5+/27-)
[train_classifier] Early stopping at epoch 15

[train_classifier] Final evaluation on test set...
Test Results:
  Loss: 3.2133
  Accuracy: 0.7500
  F1 Score: 0.3333
  AUC: 0.6771
  Confusion Matrix:
    True Negatives: 22
    False Positives: 2
    False Negatives: 6
    True Positives: 2
[train_classifier] Training completed. Metrics saved to results/classifier_metrics.json

2025-11-07 06:30:11,076 - INFO - Step 2: Temperature calibration
2025-11-07 06:30:11,076 - INFO - Running: python -m src.calibrate_temperature --config config.yaml
2025-11-07 06:34:00,738 - INFO - Command succeeded: python -m src.calibrate_temperature --config config.yaml
2025-11-07 06:34:00,739 - INFO - Output: [calibrate_temperature] Using device: cuda
[calibrate_temperature] Loading model from checkpoints/classifier_best.pth
[calibrate_temperature] Loading validation data...
[data_loader] Loaded 214 sequences (37 positive, 177 negative)
[data_loader] Created loaders - Train: 5 batches, Val: 1 batches, Test: 1 batches
[calibrate_temperature] Starting temperature calibration...
[calibrate_temperature] Calibrated temperature: 1.7699
[calibrate_temperature] Evaluating calibration...
[calibrate_temperature] Expected Calibration Error:
  Original: 0.0643
  Calibrated: 0.0862
  Improvement: -0.0219
[calibrate_temperature] Temperature parameter saved to results/temperature.json
[calibrate_temperature] Calibrated model saved to checkpoints/classifier_best_calibrated.pth

2025-11-07 06:34:00,752 - INFO - Step 3: RL training
2025-11-07 06:34:00,752 - INFO - Running: python -m src.train_rl_ppo --config config.yaml --target TFRC
2025-11-07 06:34:03,825 - ERROR - Command failed: python -m src.train_rl_ppo --config config.yaml --target TFRC
2025-11-07 06:34:03,826 - ERROR - Error output: [train_rl_ppo] Using device: cuda
[train_rl_ppo] Loading classifier...
Traceback (most recent call last):
  File "/home/wuhaigang/anaconda3/envs/openmm-env/lib/python3.8/runpy.py", line 194, in _run_module_as_main
    return _run_code(code, main_globals, None,
  File "/home/wuhaigang/anaconda3/envs/openmm-env/lib/python3.8/runpy.py", line 87, in _run_code
    exec(code, run_globals)
  File "/home/wuhaigang/WHG/NiuNiu1/src/train_rl_ppo.py", line 493, in <module>
    main()
  File "/home/wuhaigang/WHG/NiuNiu1/src/train_rl_ppo.py", line 307, in main
    classifier = load_classifier(config, device)
  File "/home/wuhaigang/WHG/NiuNiu1/src/train_rl_ppo.py", line 281, in load_classifier
    model = PeptideClassifier.load(model_path, config, device)
  File "/home/wuhaigang/WHG/NiuNiu1/src/models/classifier.py", line 175, in load
    model = cls(config)
  File "/home/wuhaigang/WHG/NiuNiu1/src/models/classifier.py", line 26, in __init__
    self.embedding_dim = config["classifier"]["embedding"]
KeyError: 'embedding'

2025-11-07 06:34:03,826 - ERROR - RL training failed
