2025-11-07 18:22:24,262 - INFO - Starting BBB-penetrating peptide design pipeline
2025-11-07 18:22:24,262 - INFO - Target receptor: TFRC
2025-11-07 18:22:24,262 - INFO - Using device: cuda
2025-11-07 18:22:24,262 - INFO - Step 1: Training classifier
2025-11-07 18:22:24,262 - INFO - Running: python -m src.train_classifier --config config.yaml
2025-11-07 18:22:36,958 - INFO - Command succeeded: python -m src.train_classifier --config config.yaml
2025-11-07 18:22:36,958 - INFO - Output: [train_classifier] Using device: cuda
[train_classifier] Loading data...
[data_loader] Loaded 214 sequences (37 positive, 177 negative)
[data_loader] Created loaders - Train: 5 batches, Val: 1 batches, Test: 1 batches
[train_classifier] Creating model...
[classifier_factory] Model config:
  - type: basic
  - embedding_dim: 128
  - hidden_dim: 256
  - vocab_size: 21
  - dropout: 0.3
  - num_classes: 2
  - type: basic
[train_classifier] Model parameters: 2,436,035
[train_classifier] Starting training...
Epoch   1 | Train Loss: 0.5672 | Val Loss: 0.6257 | Acc: 0.7812 | F1: 0.0000 | AUC: 0.5029 | Val samples: 32 (7+/25-)
[train_classifier] Saved best model to checkpoints/classifier_best.pth
Epoch   2 | Train Loss: 0.3894 | Val Loss: 0.4827 | Acc: 0.7812 | F1: 0.0000 | AUC: 0.6971 | Val samples: 32 (7+/25-)
[train_classifier] Saved best model to checkpoints/classifier_best.pth
Epoch   3 | Train Loss: 0.3004 | Val Loss: 0.5918 | Acc: 0.8125 | F1: 0.2500 | AUC: 0.7657 | Val samples: 32 (7+/25-)
Epoch   4 | Train Loss: 0.2696 | Val Loss: 0.4234 | Acc: 0.8750 | F1: 0.6000 | AUC: 0.8343 | Val samples: 32 (7+/25-)
[train_classifier] Saved best model to checkpoints/classifier_best.pth
Epoch   5 | Train Loss: 0.1958 | Val Loss: 0.6479 | Acc: 0.8125 | F1: 0.2500 | AUC: 0.8000 | Val samples: 32 (7+/25-)
Epoch   6 | Train Loss: 0.1523 | Val Loss: 0.5269 | Acc: 0.9062 | F1: 0.7273 | AUC: 0.8229 | Val samples: 32 (7+/25-)
Epoch   7 | Train Loss: 0.0976 | Val Loss: 0.7810 | Acc: 0.8750 | F1: 0.6000 | AUC: 0.8000 | Val samples: 32 (7+/25-)
Epoch   8 | Train Loss: 0.0457 | Val Loss: 0.8566 | Acc: 0.8750 | F1: 0.6667 | AUC: 0.8229 | Val samples: 32 (7+/25-)
Epoch   9 | Train Loss: 0.0401 | Val Loss: 1.1124 | Acc: 0.8750 | F1: 0.6667 | AUC: 0.8171 | Val samples: 32 (7+/25-)
Epoch  10 | Train Loss: 0.0225 | Val Loss: 1.5535 | Acc: 0.7812 | F1: 0.3636 | AUC: 0.7943 | Val samples: 32 (7+/25-)
Epoch  11 | Train Loss: 0.1073 | Val Loss: 1.6137 | Acc: 0.7812 | F1: 0.2222 | AUC: 0.7486 | Val samples: 32 (7+/25-)
Epoch  12 | Train Loss: 0.0982 | Val Loss: 1.4502 | Acc: 0.7500 | F1: 0.2000 | AUC: 0.7429 | Val samples: 32 (7+/25-)
Epoch  13 | Train Loss: 0.0168 | Val Loss: 2.0979 | Acc: 0.7812 | F1: 0.2222 | AUC: 0.7543 | Val samples: 32 (7+/25-)
Epoch  14 | Train Loss: 0.0668 | Val Loss: 1.4215 | Acc: 0.8438 | F1: 0.5455 | AUC: 0.7943 | Val samples: 32 (7+/25-)
[train_classifier] Early stopping at epoch 14

[train_classifier] Final evaluation on test set...
Test Results:
  Loss: 0.8564
  Accuracy: 0.7812
  F1 Score: 0.5333
  AUC: 0.8782
  Confusion Matrix:
    True Negatives: 21
    False Positives: 5
    False Negatives: 2
    True Positives: 4
[train_classifier] Training completed. Metrics saved to results/classifier_metrics.json

2025-11-07 18:22:36,958 - INFO - Step 2: Temperature calibration
2025-11-07 18:22:36,959 - INFO - Running: python -m src.calibrate_temperature --config config.yaml
2025-11-07 18:24:59,653 - INFO - Command succeeded: python -m src.calibrate_temperature --config config.yaml
2025-11-07 18:24:59,654 - INFO - Output: [calibrate_temperature] Using device: cuda
[calibrate_temperature] Loading model from checkpoints/classifier_best.pth
[calibrate_temperature] Loading validation data...
[data_loader] Loaded 214 sequences (37 positive, 177 negative)
[data_loader] Created loaders - Train: 5 batches, Val: 1 batches, Test: 1 batches
[calibrate_temperature] Starting temperature calibration...
[calibrate_temperature] Calibrated temperature: 0.8896
[calibrate_temperature] Evaluating calibration...
[calibrate_temperature] Expected Calibration Error:
  Original: 0.1171
  Calibrated: 0.1233
  Improvement: -0.0062
[calibrate_temperature] Temperature parameter saved to results/temperature.json
[calibrate_temperature] Calibrated model saved to checkpoints/classifier_best_calibrated.pth

2025-11-07 18:24:59,654 - INFO - Step 3: RL training
2025-11-07 18:24:59,654 - INFO - Running: python -m src.train_rl_ppo --config config.yaml --target TFRC
2025-11-07 21:28:19,321 - INFO - Command succeeded: python -m src.train_rl_ppo --config config.yaml --target TFRC
2025-11-07 21:28:19,322 - INFO - Step 4: Preparing candidates for evaluation
2025-11-07 21:28:19,477 - INFO - Note: NumExpr detected 48 cores but "NUMEXPR_MAX_THREADS" not set, so enforcing safe limit of 8.
2025-11-07 21:28:19,477 - INFO - NumExpr defaulting to 8 threads.
2025-11-07 21:28:19,707 - INFO - Created top 10 candidates from runs/ppo/top_sequences_epoch_final.csv
2025-11-07 21:28:19,707 - INFO - Created topk candidates from runs/ppo/top_sequences_epoch_final.csv
2025-11-07 21:28:19,707 - INFO - Step 5: GPU evaluation
2025-11-07 21:28:19,707 - INFO - Running: python -m src.evaluate_candidates_gpu --config config.yaml --input runs/ppo/topk_candidates.csv --out results/eval_gpu.csv
2025-11-07 21:28:22,674 - INFO - Command succeeded: python -m src.evaluate_candidates_gpu --config config.yaml --input runs/ppo/topk_candidates.csv --out results/eval_gpu.csv
2025-11-07 21:28:22,675 - INFO - Step 6: Positional saliency analysis
2025-11-07 21:28:22,675 - INFO - Running: python -m src.explain.positional_saliency --config config.yaml --input runs/ppo/topk_candidates.csv --target TFRC --limit 50 --outdir results/saliency
2025-11-07 21:28:28,395 - INFO - Command succeeded: python -m src.explain.positional_saliency --config config.yaml --input runs/ppo/topk_candidates.csv --target TFRC --limit 50 --outdir results/saliency
2025-11-07 21:28:28,395 - INFO - Output: [positional_saliency] Using device: cuda
[positional_saliency] Loading model from checkpoints/classifier_best.pth
[positional_saliency] Using calibrated temperature: 0.8896
[positional_saliency] Loading candidates from runs/ppo/topk_candidates.csv
[positional_saliency] Loaded 10/10 valid sequences
[positional_saliency] Limited to 50 sequences
[positional_saliency] Computing positional saliency...
[positional_saliency] Analyzing sequence 1/10: KKKRRRRRKRRRRFLLRRLR
[positional_saliency] Analyzing sequence 2/10: KKKRRRRRKRRRRFLLRRLR
[positional_saliency] Analyzing sequence 3/10: KKKRRRRRKRRRRFLLRRLR
[positional_saliency] Analyzing sequence 4/10: KKKRRRRRKRRRRFLLRRLR
[positional_saliency] Analyzing sequence 5/10: KKKRRRRRKRRRRFLLRRLR
[positional_saliency] Analyzing sequence 6/10: KKKRRRRRKRRRRFLLRRLR
[positional_saliency] Analyzing sequence 7/10: KKKRRRRRKRRRRFLLRRLR
[positional_saliency] Analyzing sequence 8/10: KKKRRRRRKRRRRFLLRRLR
[positional_saliency] Analyzing sequence 9/10: KKKRRRRRKRRRRFLLRRLR
[positional_saliency] Analyzing sequence 10/10: KKKRRRRRKRRRRFLLRRLR
[positional_saliency] Saving results to results/saliency/positional_saliency_TFRC.csv
[positional_saliency] Warning: matplotlib not available, skipping plots: /lib/x86_64-linux-gnu/libstdc++.so.6: version `GLIBCXX_3.4.29' not found (required by /home/wuhaigang/anaconda3/envs/openmm-env/lib/python3.8/site-packages/kiwisolver/_cext.cpython-38-x86_64-linux-gnu.so)
[positional_saliency] Analysis completed. Results saved to results/saliency/positional_saliency_TFRC.csv

2025-11-07 21:28:28,395 - INFO - Pipeline completed successfully!
