2025-11-08 18:00:14,918 - INFO - Starting BBB-penetrating peptide design pipeline
2025-11-08 18:00:14,919 - INFO - Target receptor: TFRC
2025-11-08 18:00:14,919 - INFO - Using device: cuda
2025-11-08 18:00:14,919 - INFO - Step 1: Training classifier
2025-11-08 18:00:14,919 - INFO - Running: python -m src.train_classifier --config config.yaml
2025-11-08 18:00:20,503 - INFO - Command succeeded: python -m src.train_classifier --config config.yaml
2025-11-08 18:00:20,503 - INFO - Output: [train_classifier] Using device: cuda
[train_classifier] Loading data...
[data_loader] Loaded 214 sequences (37 positive, 177 negative)
[data_loader] Created loaders - Train: 5 batches, Val: 1 batches, Test: 1 batches
[train_classifier] Creating model...
[classifier_factory] Model config:
  - type: basic
  - embedding_dim: 128
  - hidden_dim: 256
  - vocab_size: 21
  - dropout: 0.3
  - num_classes: 2
  - type: basic
[train_classifier] Model parameters: 2,436,035
[train_classifier] Starting training...
Epoch   1 | Train Loss: 0.5502 | Val Loss: 0.4308 | Acc: 0.8438 | F1: 0.0000 | AUC: 0.6815 | Val samples: 32 (5+/27-)
[train_classifier] Saved best model to checkpoints/classifier_best.pth
Epoch   2 | Train Loss: 0.3966 | Val Loss: 0.3914 | Acc: 0.9062 | F1: 0.5714 | AUC: 0.8296 | Val samples: 32 (5+/27-)
[train_classifier] Saved best model to checkpoints/classifier_best.pth
Epoch   3 | Train Loss: 0.3099 | Val Loss: 0.3989 | Acc: 0.9062 | F1: 0.5714 | AUC: 0.8222 | Val samples: 32 (5+/27-)
Epoch   4 | Train Loss: 0.2344 | Val Loss: 0.5541 | Acc: 0.7812 | F1: 0.5333 | AUC: 0.8148 | Val samples: 32 (5+/27-)
Epoch   5 | Train Loss: 0.1599 | Val Loss: 0.5927 | Acc: 0.9062 | F1: 0.5714 | AUC: 0.8222 | Val samples: 32 (5+/27-)
Epoch   6 | Train Loss: 0.1552 | Val Loss: 0.5881 | Acc: 0.8438 | F1: 0.6154 | AUC: 0.8148 | Val samples: 32 (5+/27-)
Epoch   7 | Train Loss: 0.1216 | Val Loss: 0.6161 | Acc: 0.8750 | F1: 0.6667 | AUC: 0.8074 | Val samples: 32 (5+/27-)
Epoch   8 | Train Loss: 0.0782 | Val Loss: 0.7106 | Acc: 0.9062 | F1: 0.6667 | AUC: 0.8074 | Val samples: 32 (5+/27-)
Epoch   9 | Train Loss: 0.0384 | Val Loss: 0.7928 | Acc: 0.8750 | F1: 0.6667 | AUC: 0.7926 | Val samples: 32 (5+/27-)
Epoch  10 | Train Loss: 0.0255 | Val Loss: 0.9689 | Acc: 0.8750 | F1: 0.6667 | AUC: 0.7852 | Val samples: 32 (5+/27-)
Epoch  11 | Train Loss: 0.0123 | Val Loss: 1.0485 | Acc: 0.8750 | F1: 0.6667 | AUC: 0.7852 | Val samples: 32 (5+/27-)
Epoch  12 | Train Loss: 0.0016 | Val Loss: 1.0754 | Acc: 0.8750 | F1: 0.6000 | AUC: 0.7926 | Val samples: 32 (5+/27-)
[train_classifier] Early stopping at epoch 12

[train_classifier] Final evaluation on test set...
Test Results:
  Loss: 1.7212
  Accuracy: 0.8125
  F1 Score: 0.4000
  AUC: 0.7949
  Confusion Matrix:
    True Negatives: 24
    False Positives: 2
    False Negatives: 4
    True Positives: 2
[train_classifier] Training completed. Metrics saved to results/classifier_metrics.json

2025-11-08 18:00:20,504 - INFO - Step 2: Temperature calibration
2025-11-08 18:00:20,504 - INFO - Running: python -m src.calibrate_temperature --config config.yaml
2025-11-08 18:00:25,998 - INFO - Command succeeded: python -m src.calibrate_temperature --config config.yaml
2025-11-08 18:00:25,998 - INFO - Output: [calibrate_temperature] Using device: cuda
[calibrate_temperature] Loading model from checkpoints/classifier_best.pth
[calibrate_temperature] Loading validation data...
[data_loader] Loaded 214 sequences (37 positive, 177 negative)
[data_loader] Created loaders - Train: 5 batches, Val: 1 batches, Test: 1 batches
[calibrate_temperature] Starting temperature calibration...
[calibrate_temperature] Calibrated temperature: -15.2048
[calibrate_temperature] Evaluating calibration...
[calibrate_temperature] Expected Calibration Error:
  Original: 0.1659
  Calibrated: 0.3966
  Improvement: -0.2307
[calibrate_temperature] Temperature parameter saved to results/temperature.json
[calibrate_temperature] Calibrated model saved to checkpoints/classifier_best_calibrated.pth

2025-11-08 18:00:25,998 - INFO - Step 3: RL training
2025-11-08 18:00:25,999 - INFO - Running: python -m src.train_rl_ppo --config config.yaml --target TFRC
2025-11-08 18:36:45,365 - INFO - Command succeeded: python -m src.train_rl_ppo --config config.yaml --target TFRC
2025-11-08 18:36:45,366 - INFO - Step 4: Preparing candidates for evaluation
2025-11-08 18:36:45,516 - INFO - Note: NumExpr detected 48 cores but "NUMEXPR_MAX_THREADS" not set, so enforcing safe limit of 8.
2025-11-08 18:36:45,517 - INFO - NumExpr defaulting to 8 threads.
2025-11-08 18:36:45,746 - INFO - Created top 10 candidates from runs/ppo/top_sequences_epoch_0.csv
2025-11-08 18:36:45,746 - INFO - Created topk candidates from runs/ppo/top_sequences_epoch_0.csv
2025-11-08 18:36:45,746 - INFO - Step 5: GPU evaluation
2025-11-08 18:36:45,746 - INFO - Running: python -m src.evaluate_candidates_gpu --config config.yaml --input runs/ppo/topk_candidates.csv --out results/eval_gpu.csv
2025-11-08 18:36:48,723 - INFO - Command succeeded: python -m src.evaluate_candidates_gpu --config config.yaml --input runs/ppo/topk_candidates.csv --out results/eval_gpu.csv
2025-11-08 18:36:48,723 - INFO - Step 6: Positional saliency analysis
2025-11-08 18:36:48,723 - INFO - Running: python -m src.explain.positional_saliency --config config.yaml --input runs/ppo/topk_candidates.csv --target TFRC --limit 50 --outdir results/saliency
2025-11-08 18:36:52,046 - INFO - Command succeeded: python -m src.explain.positional_saliency --config config.yaml --input runs/ppo/topk_candidates.csv --target TFRC --limit 50 --outdir results/saliency
2025-11-08 18:36:52,046 - INFO - Output: [positional_saliency] Using device: cuda
[positional_saliency] Loading model from checkpoints/classifier_best.pth
[positional_saliency] Using calibrated temperature: -15.2048
[positional_saliency] Loading candidates from runs/ppo/topk_candidates.csv
[positional_saliency] Loaded 10/10 valid sequences
[positional_saliency] Limited to 50 sequences
[positional_saliency] Computing positional saliency...
[positional_saliency] Analyzing sequence 1/10: EEEEEEEEEEEEEEEEEEEP
[positional_saliency] Analyzing sequence 2/10: EEEEEEEEEEEEEEEEEEEP
[positional_saliency] Analyzing sequence 3/10: EEEEEEEEEEEEEEEEEEEP
[positional_saliency] Analyzing sequence 4/10: EEEEEEEEEEEEEEEEEEEP
[positional_saliency] Analyzing sequence 5/10: EEEEEEEEEEEEEEEEEEEP
[positional_saliency] Analyzing sequence 6/10: EEEEEEEEEEEEEEEEEEEP
[positional_saliency] Analyzing sequence 7/10: EEEEEEEEEEEEEEEEEEEP
[positional_saliency] Analyzing sequence 8/10: EEEEEEEEEEEEEEEEEEEP
[positional_saliency] Analyzing sequence 9/10: EEEEEEEEEEEEEEEEEEEP
[positional_saliency] Analyzing sequence 10/10: EEEEEEEEEEEEEEEEEEEP
[positional_saliency] Saving results to results/saliency/positional_saliency_TFRC.csv
[positional_saliency] Warning: matplotlib not available, skipping plots: /lib/x86_64-linux-gnu/libstdc++.so.6: version `GLIBCXX_3.4.29' not found (required by /home/wuhaigang/anaconda3/envs/openmm-env/lib/python3.8/site-packages/kiwisolver/_cext.cpython-38-x86_64-linux-gnu.so)
[positional_saliency] Analysis completed. Results saved to results/saliency/positional_saliency_TFRC.csv

2025-11-08 18:36:52,046 - INFO - Pipeline completed successfully!
