2025-11-16 08:58:43,026 - INFO - Starting BBB-penetrating peptide design pipeline
2025-11-16 08:58:43,026 - INFO - Target receptor: LRP1
2025-11-16 08:58:43,026 - INFO - Using device: cuda
2025-11-16 08:58:43,026 - INFO - Step 1: Training classifier
2025-11-16 08:58:43,026 - INFO - Running: python -m src.train_classifier --config config.yaml
2025-11-16 08:58:48,587 - INFO - Command succeeded: python -m src.train_classifier --config config.yaml
2025-11-16 08:58:48,588 - INFO - Output: [train_classifier] Using device: cuda
[train_classifier] Loading data...
[data_loader] Loaded 214 sequences (37 positive, 177 negative)
[data_loader] Created loaders - Train: 5 batches, Val: 1 batches, Test: 1 batches
[train_classifier] Creating model...
[classifier_factory] Model config:
  - type: basic
  - embedding_dim: 128
  - hidden_dim: 256
  - vocab_size: 21
  - dropout: 0.3
  - num_classes: 2
  - type: basic
[train_classifier] Model parameters: 2,436,035
[train_classifier] Starting training...
Epoch   1 | Train Loss: 0.5604 | Val Loss: 0.5879 | Acc: 0.8125 | F1: 0.0000 | AUC: 0.4808 | Val samples: 32 (6+/26-)
[train_classifier] Saved best model to checkpoints/classifier_best.pth
Epoch   2 | Train Loss: 0.4512 | Val Loss: 0.4726 | Acc: 0.8438 | F1: 0.2857 | AUC: 0.7179 | Val samples: 32 (6+/26-)
[train_classifier] Saved best model to checkpoints/classifier_best.pth
Epoch   3 | Train Loss: 0.3906 | Val Loss: 0.4137 | Acc: 0.9062 | F1: 0.6667 | AUC: 0.7372 | Val samples: 32 (6+/26-)
[train_classifier] Saved best model to checkpoints/classifier_best.pth
Epoch   4 | Train Loss: 0.3138 | Val Loss: 0.4545 | Acc: 0.8438 | F1: 0.5455 | AUC: 0.7692 | Val samples: 32 (6+/26-)
Epoch   5 | Train Loss: 0.2461 | Val Loss: 0.5426 | Acc: 0.8438 | F1: 0.6154 | AUC: 0.7372 | Val samples: 32 (6+/26-)
Epoch   6 | Train Loss: 0.2332 | Val Loss: 0.5981 | Acc: 0.8438 | F1: 0.5455 | AUC: 0.7179 | Val samples: 32 (6+/26-)
Epoch   7 | Train Loss: 0.1775 | Val Loss: 0.6624 | Acc: 0.7812 | F1: 0.5333 | AUC: 0.7244 | Val samples: 32 (6+/26-)
Epoch   8 | Train Loss: 0.1292 | Val Loss: 0.9366 | Acc: 0.8125 | F1: 0.5000 | AUC: 0.7051 | Val samples: 32 (6+/26-)
Epoch   9 | Train Loss: 0.1241 | Val Loss: 0.9891 | Acc: 0.8125 | F1: 0.5714 | AUC: 0.7372 | Val samples: 32 (6+/26-)
Epoch  10 | Train Loss: 0.1160 | Val Loss: 0.9596 | Acc: 0.8438 | F1: 0.6154 | AUC: 0.7244 | Val samples: 32 (6+/26-)
Epoch  11 | Train Loss: 0.0771 | Val Loss: 0.9819 | Acc: 0.8438 | F1: 0.6154 | AUC: 0.7308 | Val samples: 32 (6+/26-)
Epoch  12 | Train Loss: 0.0468 | Val Loss: 1.0821 | Acc: 0.8125 | F1: 0.5714 | AUC: 0.7308 | Val samples: 32 (6+/26-)
Epoch  13 | Train Loss: 0.0310 | Val Loss: 1.2437 | Acc: 0.8125 | F1: 0.5714 | AUC: 0.7372 | Val samples: 32 (6+/26-)
[train_classifier] Early stopping at epoch 13

[train_classifier] Final evaluation on test set...
Test Results:
  Loss: 0.2207
  Accuracy: 0.9375
  F1 Score: 0.7500
  AUC: 0.9770
  Confusion Matrix:
    True Negatives: 27
    False Positives: 2
    False Negatives: 0
    True Positives: 3
[train_classifier] Training completed. Metrics saved to results/classifier_metrics.json

2025-11-16 08:58:48,588 - INFO - Step 2: Temperature calibration
2025-11-16 08:58:48,588 - INFO - Running: python -m src.calibrate_temperature --config config.yaml
2025-11-16 08:59:05,027 - INFO - Command succeeded: python -m src.calibrate_temperature --config config.yaml
2025-11-16 08:59:05,028 - INFO - Output: [calibrate_temperature] Using device: cuda
[calibrate_temperature] Loading model from checkpoints/classifier_best.pth
[calibrate_temperature] Loading validation data...
[data_loader] Loaded 214 sequences (37 positive, 177 negative)
[data_loader] Created loaders - Train: 5 batches, Val: 1 batches, Test: 1 batches
[calibrate_temperature] Starting temperature calibration...
[calibrate_temperature] Calibrated temperature: -646.3309
[calibrate_temperature] Evaluating calibration...
[calibrate_temperature] Expected Calibration Error:
  Original: 0.1431
  Calibrated: 0.5008
  Improvement: -0.3577
[calibrate_temperature] Temperature parameter saved to results/temperature.json
[calibrate_temperature] Calibrated model saved to checkpoints/classifier_best_calibrated.pth

2025-11-16 08:59:05,028 - INFO - Step 3: RL training
2025-11-16 08:59:05,028 - INFO - Running: python -m src.train_rl_ppo --config config.yaml --target LRP1
2025-11-16 09:33:41,770 - INFO - Command succeeded: python -m src.train_rl_ppo --config config.yaml --target LRP1
2025-11-16 09:33:41,774 - INFO - Step 4: Preparing candidates for evaluation
2025-11-16 09:33:41,922 - INFO - Note: NumExpr detected 48 cores but "NUMEXPR_MAX_THREADS" not set, so enforcing safe limit of 8.
2025-11-16 09:33:41,923 - INFO - NumExpr defaulting to 8 threads.
2025-11-16 09:33:42,166 - INFO - Created top 10 candidates from runs/ppo/top_sequences_epoch_final.csv
2025-11-16 09:33:42,166 - INFO - Created topk candidates from runs/ppo/top_sequences_epoch_final.csv
2025-11-16 09:33:42,166 - INFO - Step 5: GPU evaluation
2025-11-16 09:33:42,166 - INFO - Running: python -m src.evaluate_candidates_gpu --config config.yaml --input runs/ppo/topk_candidates.csv --out results/eval_gpu.csv
2025-11-16 09:33:45,174 - INFO - Command succeeded: python -m src.evaluate_candidates_gpu --config config.yaml --input runs/ppo/topk_candidates.csv --out results/eval_gpu.csv
2025-11-16 09:33:45,175 - INFO - Step 6: Positional saliency analysis
2025-11-16 09:33:45,175 - INFO - Running: python -m src.explain.positional_saliency --config config.yaml --input runs/ppo/topk_candidates.csv --target LRP1 --limit 50 --outdir results/saliency
2025-11-16 09:33:48,444 - INFO - Command succeeded: python -m src.explain.positional_saliency --config config.yaml --input runs/ppo/topk_candidates.csv --target LRP1 --limit 50 --outdir results/saliency
2025-11-16 09:33:48,445 - INFO - Output: [positional_saliency] Using device: cuda
[positional_saliency] Loading model from checkpoints/classifier_best.pth
[positional_saliency] Using calibrated temperature: -646.3309
[positional_saliency] Loading candidates from runs/ppo/topk_candidates.csv
[positional_saliency] Loaded 10/10 valid sequences
[positional_saliency] Limited to 50 sequences
[positional_saliency] Computing positional saliency...
[positional_saliency] Analyzing sequence 1/10: WCRSHGSCGCSRPIGY
[positional_saliency] Analyzing sequence 2/10: KGICYGCKF
[positional_saliency] Analyzing sequence 3/10: DGRKRVYNSYKDFT
[positional_saliency] Analyzing sequence 4/10: PRCIKPWLYKKCWKREIRSE
[positional_saliency] Analyzing sequence 5/10: TKGKTYNA
[positional_saliency] Analyzing sequence 6/10: YCSFSRNKVDYGFDTYLK
[positional_saliency] Analyzing sequence 7/10: TRFEFRLKADESG
[positional_saliency] Analyzing sequence 8/10: WKNRAHRC
[positional_saliency] Analyzing sequence 9/10: DYSLPEEGDHL
[positional_saliency] Analyzing sequence 10/10: MKRTKDRVPAA
[positional_saliency] Saving results to results/saliency/positional_saliency_LRP1.csv
[positional_saliency] Warning: matplotlib not available, skipping plots: /lib/x86_64-linux-gnu/libstdc++.so.6: version `GLIBCXX_3.4.29' not found (required by /home/wuhaigang/anaconda3/envs/openmm-env/lib/python3.8/site-packages/kiwisolver/_cext.cpython-38-x86_64-linux-gnu.so)
[positional_saliency] Analysis completed. Results saved to results/saliency/positional_saliency_LRP1.csv

2025-11-16 09:33:48,445 - INFO - Pipeline completed successfully!
